[1.807s] Invoking command in '/home/akilasar/ros2_ws/src/py_sub': CONDA_PROMPT_MODIFIER=(test_env) DEBUGINFOD_URLS=https://debuginfod.ubuntu.com PYTHONPATH=/home/akilasar/ros2_ws/src/build/py_sub/prefix_override:/usr/lib/python3/dist-packages/colcon_core/task/python/colcon_distutils_commands:/home/akilasar/ros2_ws/src/install/py_sub/lib/python3.12/site-packages:${PYTHONPATH} /usr/bin/python3 -W ignore:setup.py install is deprecated -W ignore:easy_install command is deprecated setup.py egg_info --egg-base ../build/py_sub build --build-base /home/akilasar/ros2_ws/src/build/py_sub/build install --record /home/akilasar/ros2_ws/src/build/py_sub/install.log --single-version-externally-managed install_data
[2.046s] running egg_info
[2.059s] writing ../build/py_sub/py_sub.egg-info/PKG-INFO
[2.059s] writing dependency_links to ../build/py_sub/py_sub.egg-info/dependency_links.txt
[2.059s] writing entry points to ../build/py_sub/py_sub.egg-info/entry_points.txt
[2.059s] writing requirements to ../build/py_sub/py_sub.egg-info/requires.txt
[2.059s] writing top-level names to ../build/py_sub/py_sub.egg-info/top_level.txt
[2.093s] reading manifest file '../build/py_sub/py_sub.egg-info/SOURCES.txt'
[2.094s] writing manifest file '../build/py_sub/py_sub.egg-info/SOURCES.txt'
[2.094s] running build
[2.094s] running build_py
[2.094s] running install
[2.101s] running install_lib
[2.116s] running install_data
[2.116s] running install_egg_info
[2.131s] removing '/home/akilasar/ros2_ws/src/install/py_sub/lib/python3.12/site-packages/py_sub-0.0.0-py3.12.egg-info' (and everything under it)
[2.131s] Copying ../build/py_sub/py_sub.egg-info to /home/akilasar/ros2_ws/src/install/py_sub/lib/python3.12/site-packages/py_sub-0.0.0-py3.12.egg-info
[2.132s] running install_scripts
[2.243s] Installing subscriber script to /home/akilasar/ros2_ws/src/install/py_sub/lib/py_sub
[2.244s] writing list of installed files to '/home/akilasar/ros2_ws/src/build/py_sub/install.log'
[2.310s] Invoked command in '/home/akilasar/ros2_ws/src/py_sub' returned '0': CONDA_PROMPT_MODIFIER=(test_env) DEBUGINFOD_URLS=https://debuginfod.ubuntu.com PYTHONPATH=/home/akilasar/ros2_ws/src/build/py_sub/prefix_override:/usr/lib/python3/dist-packages/colcon_core/task/python/colcon_distutils_commands:/home/akilasar/ros2_ws/src/install/py_sub/lib/python3.12/site-packages:${PYTHONPATH} /usr/bin/python3 -W ignore:setup.py install is deprecated -W ignore:easy_install command is deprecated setup.py egg_info --egg-base ../build/py_sub build --build-base /home/akilasar/ros2_ws/src/build/py_sub/build install --record /home/akilasar/ros2_ws/src/build/py_sub/install.log --single-version-externally-managed install_data
