running egg_info
creating ../build/rosbag_converter/rosbag_converter.egg-info
writing ../build/rosbag_converter/rosbag_converter.egg-info/PKG-INFO
writing dependency_links to ../build/rosbag_converter/rosbag_converter.egg-info/dependency_links.txt
writing entry points to ../build/rosbag_converter/rosbag_converter.egg-info/entry_points.txt
writing requirements to ../build/rosbag_converter/rosbag_converter.egg-info/requires.txt
writing top-level names to ../build/rosbag_converter/rosbag_converter.egg-info/top_level.txt
writing manifest file '../build/rosbag_converter/rosbag_converter.egg-info/SOURCES.txt'
reading manifest file '../build/rosbag_converter/rosbag_converter.egg-info/SOURCES.txt'
writing manifest file '../build/rosbag_converter/rosbag_converter.egg-info/SOURCES.txt'
running build
running build_py
creating /home/akilasar/ros2_ws/src/build/rosbag_converter/build
creating /home/akilasar/ros2_ws/src/build/rosbag_converter/build/lib
creating /home/akilasar/ros2_ws/src/build/rosbag_converter/build/lib/rosbag_converter
copying rosbag_converter/__init__.py -> /home/akilasar/ros2_ws/src/build/rosbag_converter/build/lib/rosbag_converter
copying rosbag_converter/converter_node.py -> /home/akilasar/ros2_ws/src/build/rosbag_converter/build/lib/rosbag_converter
running install
running install_lib
creating /home/akilasar/ros2_ws/src/install/rosbag_converter/lib/python3.12/site-packages/rosbag_converter
copying /home/akilasar/ros2_ws/src/build/rosbag_converter/build/lib/rosbag_converter/__init__.py -> /home/akilasar/ros2_ws/src/install/rosbag_converter/lib/python3.12/site-packages/rosbag_converter
copying /home/akilasar/ros2_ws/src/build/rosbag_converter/build/lib/rosbag_converter/converter_node.py -> /home/akilasar/ros2_ws/src/install/rosbag_converter/lib/python3.12/site-packages/rosbag_converter
byte-compiling /home/akilasar/ros2_ws/src/install/rosbag_converter/lib/python3.12/site-packages/rosbag_converter/__init__.py to __init__.cpython-312.pyc
byte-compiling /home/akilasar/ros2_ws/src/install/rosbag_converter/lib/python3.12/site-packages/rosbag_converter/converter_node.py to converter_node.cpython-312.pyc
running install_data
creating /home/akilasar/ros2_ws/src/install/rosbag_converter/share/ament_index
creating /home/akilasar/ros2_ws/src/install/rosbag_converter/share/ament_index/resource_index
creating /home/akilasar/ros2_ws/src/install/rosbag_converter/share/ament_index/resource_index/packages
copying resource/rosbag_converter -> /home/akilasar/ros2_ws/src/install/rosbag_converter/share/ament_index/resource_index/packages
copying package.xml -> /home/akilasar/ros2_ws/src/install/rosbag_converter/share/rosbag_converter
running install_egg_info
Copying ../build/rosbag_converter/rosbag_converter.egg-info to /home/akilasar/ros2_ws/src/install/rosbag_converter/lib/python3.12/site-packages/rosbag_converter-0.0.0-py3.12.egg-info
running install_scripts
Installing pcd_converter script to /home/akilasar/ros2_ws/src/install/rosbag_converter/lib/rosbag_converter
writing list of installed files to '/home/akilasar/ros2_ws/src/build/rosbag_converter/install.log'
