[0.105s] DEBUG:colcon:Command line arguments: ['/usr/bin/colcon', 'build', '--packages-select', 'dgppo_ros_node_pkg', '--cmake-args', '-DPYTHON_EXECUTABLE=/home/akilasar/miniconda3/envs/new_dgppo/bin/python']
[0.105s] DEBUG:colcon:Parsed command line arguments: Namespace(log_base=None, log_level=None, verb_name='build', build_base='build', install_base='install', merge_install=False, symlink_install=False, test_result_base=None, continue_on_error=False, executor='parallel', parallel_workers=16, event_handlers=None, ignore_user_meta=False, metas=['./colcon.meta'], base_paths=['.'], packages_ignore=None, packages_ignore_regex=None, paths=None, packages_up_to=None, packages_up_to_regex=None, packages_above=None, packages_above_and_dependencies=None, packages_above_depth=None, packages_select_by_dep=None, packages_skip_by_dep=None, packages_skip_up_to=None, packages_select_build_failed=False, packages_skip_build_finished=False, packages_select_test_failures=False, packages_skip_test_passed=False, packages_select=['dgppo_ros_node_pkg'], packages_skip=None, packages_select_regex=None, packages_skip_regex=None, packages_start=None, packages_end=None, allow_overriding=[], cmake_args=['-DPYTHON_EXECUTABLE=/home/akilasar/miniconda3/envs/new_dgppo/bin/python'], cmake_target=None, cmake_target_skip_unavailable=False, cmake_clean_cache=False, cmake_clean_first=False, cmake_force_configure=False, ament_cmake_args=None, catkin_cmake_args=None, catkin_skip_building_tests=False, mixin_files=None, mixin=None, verb_parser=<colcon_mixin.mixin.mixin_argument.MixinArgumentDecorator object at 0x787ff21a58b0>, verb_extension=<colcon_core.verb.build.BuildVerb object at 0x787ff22b9a90>, main=<bound method BuildVerb.main of <colcon_core.verb.build.BuildVerb object at 0x787ff22b9a90>>, mixin_verb=('build',))
[0.146s] Level 1:colcon.colcon_core.package_discovery:discover_packages(colcon_meta) check parameters
[0.147s] Level 1:colcon.colcon_core.package_discovery:discover_packages(recursive) check parameters
[0.147s] Level 1:colcon.colcon_core.package_discovery:discover_packages(ignore) check parameters
[0.147s] Level 1:colcon.colcon_core.package_discovery:discover_packages(path) check parameters
[0.147s] Level 1:colcon.colcon_core.package_discovery:discover_packages(colcon_meta) discover
[0.147s] Level 1:colcon.colcon_core.package_discovery:discover_packages(recursive) discover
[0.147s] INFO:colcon.colcon_core.package_discovery:Crawling recursively for packages in '/home/akilasar/ros2_ws/src/clustering'
[0.147s] Level 1:colcon.colcon_core.package_identification:_identify(.) by extensions ['ignore', 'ignore_ament_install']
[0.147s] Level 1:colcon.colcon_core.package_identification:_identify(.) by extension 'ignore'
[0.147s] Level 1:colcon.colcon_core.package_identification:_identify(.) by extension 'ignore_ament_install'
[0.147s] Level 1:colcon.colcon_core.package_identification:_identify(.) by extensions ['colcon_pkg']
[0.147s] Level 1:colcon.colcon_core.package_identification:_identify(.) by extension 'colcon_pkg'
[0.147s] Level 1:colcon.colcon_core.package_identification:_identify(.) by extensions ['colcon_meta']
[0.147s] Level 1:colcon.colcon_core.package_identification:_identify(.) by extension 'colcon_meta'
[0.147s] Level 1:colcon.colcon_core.package_identification:_identify(.) by extensions ['ros']
[0.147s] Level 1:colcon.colcon_core.package_identification:_identify(.) by extension 'ros'
[0.173s] DEBUG:colcon.colcon_core.package_identification:Package '.' with type 'ros.ament_python' and name 'clustering'
[0.174s] Level 1:colcon.colcon_core.package_discovery:discover_packages(recursive) using defaults
[0.174s] Level 1:colcon.colcon_core.package_discovery:discover_packages(ignore) discover
[0.174s] Level 1:colcon.colcon_core.package_discovery:discover_packages(ignore) using defaults
[0.174s] Level 1:colcon.colcon_core.package_discovery:discover_packages(path) discover
[0.174s] Level 1:colcon.colcon_core.package_discovery:discover_packages(path) using defaults
[0.174s] WARNING:colcon.colcon_core.package_selection:ignoring unknown package 'dgppo_ros_node_pkg' in --packages-select
[0.197s] INFO:colcon.colcon_core.package_selection:Skipping not selected package 'clustering' in '.'
[0.197s] Level 1:colcon.colcon_core.package_discovery:discover_packages(prefix_path) check parameters
[0.197s] Level 1:colcon.colcon_core.package_discovery:discover_packages(prefix_path) discover
[0.198s] WARNING:colcon.colcon_ros.prefix_path.ament:The path '/home/akilasar/ros2_ws/install/dgppo_ros_node_pkg' in the environment variable AMENT_PREFIX_PATH doesn't exist
[0.199s] DEBUG:colcon.colcon_installed_package_information.package_discovery:Found 5 installed packages in /home/akilasar/ros2_ws/install
[0.200s] DEBUG:colcon.colcon_installed_package_information.package_discovery:Found 194 installed packages in /opt/ros/jazzy
[0.203s] DEBUG:colcon.colcon_installed_package_information.package_discovery:Found 289 installed packages in /opt/ros/rolling
[0.209s] Level 1:colcon.colcon_core.package_discovery:discover_packages(prefix_path) using defaults
[0.261s] INFO:colcon.colcon_core.executor:Executing jobs using 'parallel' executor
[0.262s] DEBUG:colcon.colcon_parallel_executor.executor.parallel:run_until_complete
[0.263s] DEBUG:colcon.colcon_parallel_executor.executor.parallel:closing loop
[0.263s] DEBUG:colcon.colcon_parallel_executor.executor.parallel:loop closed
[0.263s] DEBUG:colcon.colcon_parallel_executor.executor.parallel:run_until_complete finished with '0'
[0.263s] DEBUG:colcon.colcon_core.event_reactor:joining thread
[0.275s] INFO:colcon.colcon_core.plugin_system:Skipping extension 'colcon_notification.desktop_notification.terminal_notifier': Not used on non-Darwin systems
[0.275s] INFO:colcon.colcon_core.plugin_system:Skipping extension 'colcon_notification.desktop_notification.win32': Not used on non-Windows systems
[0.275s] INFO:colcon.colcon_notification.desktop_notification:Sending desktop notification using 'notify2'
[0.293s] DEBUG:colcon.colcon_core.event_reactor:joined thread
[0.295s] INFO:colcon.colcon_core.plugin_system:Skipping extension 'colcon_core.shell.bat': Not used on non-Windows systems
[0.295s] INFO:colcon.colcon_core.shell:Creating prefix script '/home/akilasar/ros2_ws/src/clustering/install/local_setup.ps1'
[0.296s] INFO:colcon.colcon_core.shell:Creating prefix util module '/home/akilasar/ros2_ws/src/clustering/install/_local_setup_util_ps1.py'
[0.297s] INFO:colcon.colcon_core.shell:Creating prefix chain script '/home/akilasar/ros2_ws/src/clustering/install/setup.ps1'
[0.299s] INFO:colcon.colcon_core.shell:Creating prefix script '/home/akilasar/ros2_ws/src/clustering/install/local_setup.sh'
[0.299s] INFO:colcon.colcon_core.shell:Creating prefix util module '/home/akilasar/ros2_ws/src/clustering/install/_local_setup_util_sh.py'
[0.300s] INFO:colcon.colcon_core.shell:Creating prefix chain script '/home/akilasar/ros2_ws/src/clustering/install/setup.sh'
[0.301s] INFO:colcon.colcon_core.shell:Creating prefix script '/home/akilasar/ros2_ws/src/clustering/install/local_setup.bash'
[0.301s] INFO:colcon.colcon_core.shell:Creating prefix chain script '/home/akilasar/ros2_ws/src/clustering/install/setup.bash'
[0.302s] INFO:colcon.colcon_core.shell:Creating prefix script '/home/akilasar/ros2_ws/src/clustering/install/local_setup.zsh'
[0.302s] INFO:colcon.colcon_core.shell:Creating prefix chain script '/home/akilasar/ros2_ws/src/clustering/install/setup.zsh'
