/home/akilasar/ros2_ws/src/install/dgppo_ros_node_pkg/lib/python3.12/site-packages/dgppo_ros_node_pkg/old_spot_dgppo_node.py
/home/akilasar/ros2_ws/src/install/dgppo_ros_node_pkg/lib/python3.12/site-packages/dgppo_ros_node_pkg/new_dgppo_ros_node.py
/home/akilasar/ros2_ws/src/install/dgppo_ros_node_pkg/lib/python3.12/site-packages/dgppo_ros_node_pkg/__init__.py
/home/akilasar/ros2_ws/src/install/dgppo_ros_node_pkg/lib/python3.12/site-packages/dgppo_ros_node_pkg/carla_bridge_node.py
/home/akilasar/ros2_ws/src/install/dgppo_ros_node_pkg/lib/python3.12/site-packages/dgppo_ros_node_pkg/dgppo_ros_node.py
/home/akilasar/ros2_ws/src/install/dgppo_ros_node_pkg/lib/python3.12/site-packages/dgppo_ros_node_pkg/dgppo/setup.py
/home/akilasar/ros2_ws/src/install/dgppo_ros_node_pkg/lib/python3.12/site-packages/dgppo_ros_node_pkg/dgppo/og_train.py
/home/akilasar/ros2_ws/src/install/dgppo_ros_node_pkg/lib/python3.12/site-packages/dgppo_ros_node_pkg/dgppo/__init__.py
/home/akilasar/ros2_ws/src/install/dgppo_ros_node_pkg/lib/python3.12/site-packages/dgppo_ros_node_pkg/dgppo/test.py
/home/akilasar/ros2_ws/src/install/dgppo_ros_node_pkg/lib/python3.12/site-packages/dgppo_ros_node_pkg/dgppo/train.py
/home/akilasar/ros2_ws/src/install/dgppo_ros_node_pkg/lib/python3.12/site-packages/dgppo_ros_node_pkg/dgppo/dgppo/__init__.py
/home/akilasar/ros2_ws/src/install/dgppo_ros_node_pkg/lib/python3.12/site-packages/dgppo_ros_node_pkg/dgppo/dgppo/trainer/data.py
/home/akilasar/ros2_ws/src/install/dgppo_ros_node_pkg/lib/python3.12/site-packages/dgppo_ros_node_pkg/dgppo/dgppo/trainer/utils.py
/home/akilasar/ros2_ws/src/install/dgppo_ros_node_pkg/lib/python3.12/site-packages/dgppo_ros_node_pkg/dgppo/dgppo/trainer/buffer.py
/home/akilasar/ros2_ws/src/install/dgppo_ros_node_pkg/lib/python3.12/site-packages/dgppo_ros_node_pkg/dgppo/dgppo/trainer/trainer.py
/home/akilasar/ros2_ws/src/install/dgppo_ros_node_pkg/lib/python3.12/site-packages/dgppo_ros_node_pkg/dgppo/dgppo/trainer/og_trainer.py
/home/akilasar/ros2_ws/src/install/dgppo_ros_node_pkg/lib/python3.12/site-packages/dgppo_ros_node_pkg/dgppo/dgppo/trainer/__init__.py
/home/akilasar/ros2_ws/src/install/dgppo_ros_node_pkg/lib/python3.12/site-packages/dgppo_ros_node_pkg/dgppo/dgppo/nn/mlp.py
/home/akilasar/ros2_ws/src/install/dgppo_ros_node_pkg/lib/python3.12/site-packages/dgppo_ros_node_pkg/dgppo/dgppo/nn/rnn.py
/home/akilasar/ros2_ws/src/install/dgppo_ros_node_pkg/lib/python3.12/site-packages/dgppo_ros_node_pkg/dgppo/dgppo/nn/utils.py
/home/akilasar/ros2_ws/src/install/dgppo_ros_node_pkg/lib/python3.12/site-packages/dgppo_ros_node_pkg/dgppo/dgppo/nn/__init__.py
/home/akilasar/ros2_ws/src/install/dgppo_ros_node_pkg/lib/python3.12/site-packages/dgppo_ros_node_pkg/dgppo/dgppo/nn/gnn.py
/home/akilasar/ros2_ws/src/install/dgppo_ros_node_pkg/lib/python3.12/site-packages/dgppo_ros_node_pkg/dgppo/dgppo/env/og_plot.py
/home/akilasar/ros2_ws/src/install/dgppo_ros_node_pkg/lib/python3.12/site-packages/dgppo_ros_node_pkg/dgppo/dgppo/env/obstacle.py
/home/akilasar/ros2_ws/src/install/dgppo_ros_node_pkg/lib/python3.12/site-packages/dgppo_ros_node_pkg/dgppo/dgppo/env/behavior_associator.py
/home/akilasar/ros2_ws/src/install/dgppo_ros_node_pkg/lib/python3.12/site-packages/dgppo_ros_node_pkg/dgppo/dgppo/env/inter_ba.py
/home/akilasar/ros2_ws/src/install/dgppo_ros_node_pkg/lib/python3.12/site-packages/dgppo_ros_node_pkg/dgppo/dgppo/env/utils.py
/home/akilasar/ros2_ws/src/install/dgppo_ros_node_pkg/lib/python3.12/site-packages/dgppo_ros_node_pkg/dgppo/dgppo/env/building_plot.py
/home/akilasar/ros2_ws/src/install/dgppo_ros_node_pkg/lib/python3.12/site-packages/dgppo_ros_node_pkg/dgppo/dgppo/env/building_behavior_associator.py
/home/akilasar/ros2_ws/src/install/dgppo_ros_node_pkg/lib/python3.12/site-packages/dgppo_ros_node_pkg/dgppo/dgppo/env/bridge_behavior_associator.py
/home/akilasar/ros2_ws/src/install/dgppo_ros_node_pkg/lib/python3.12/site-packages/dgppo_ros_node_pkg/dgppo/dgppo/env/old_plot.py
/home/akilasar/ros2_ws/src/install/dgppo_ros_node_pkg/lib/python3.12/site-packages/dgppo_ros_node_pkg/dgppo/dgppo/env/bridge_plot.py
/home/akilasar/ros2_ws/src/install/dgppo_ros_node_pkg/lib/python3.12/site-packages/dgppo_ros_node_pkg/dgppo/dgppo/env/__init__.py
/home/akilasar/ros2_ws/src/install/dgppo_ros_node_pkg/lib/python3.12/site-packages/dgppo_ros_node_pkg/dgppo/dgppo/env/intersection_behavior_associator.py
/home/akilasar/ros2_ws/src/install/dgppo_ros_node_pkg/lib/python3.12/site-packages/dgppo_ros_node_pkg/dgppo/dgppo/env/base.py
/home/akilasar/ros2_ws/src/install/dgppo_ros_node_pkg/lib/python3.12/site-packages/dgppo_ros_node_pkg/dgppo/dgppo/algo/informarl.py
/home/akilasar/ros2_ws/src/install/dgppo_ros_node_pkg/lib/python3.12/site-packages/dgppo_ros_node_pkg/dgppo/dgppo/algo/dgppo.py
/home/akilasar/ros2_ws/src/install/dgppo_ros_node_pkg/lib/python3.12/site-packages/dgppo_ros_node_pkg/dgppo/dgppo/algo/utils.py
/home/akilasar/ros2_ws/src/install/dgppo_ros_node_pkg/lib/python3.12/site-packages/dgppo_ros_node_pkg/dgppo/dgppo/algo/__init__.py
/home/akilasar/ros2_ws/src/install/dgppo_ros_node_pkg/lib/python3.12/site-packages/dgppo_ros_node_pkg/dgppo/dgppo/algo/hcbfcrpo.py
/home/akilasar/ros2_ws/src/install/dgppo_ros_node_pkg/lib/python3.12/site-packages/dgppo_ros_node_pkg/dgppo/dgppo/algo/og_informarl_lagr.py
/home/akilasar/ros2_ws/src/install/dgppo_ros_node_pkg/lib/python3.12/site-packages/dgppo_ros_node_pkg/dgppo/dgppo/algo/informarl_lagr.py
/home/akilasar/ros2_ws/src/install/dgppo_ros_node_pkg/lib/python3.12/site-packages/dgppo_ros_node_pkg/dgppo/dgppo/algo/base.py
/home/akilasar/ros2_ws/src/install/dgppo_ros_node_pkg/lib/python3.12/site-packages/dgppo_ros_node_pkg/dgppo/dgppo/utils/utils.py
/home/akilasar/ros2_ws/src/install/dgppo_ros_node_pkg/lib/python3.12/site-packages/dgppo_ros_node_pkg/dgppo/dgppo/utils/__init__.py
/home/akilasar/ros2_ws/src/install/dgppo_ros_node_pkg/lib/python3.12/site-packages/dgppo_ros_node_pkg/dgppo/dgppo/utils/graph.py
/home/akilasar/ros2_ws/src/install/dgppo_ros_node_pkg/lib/python3.12/site-packages/dgppo_ros_node_pkg/dgppo/dgppo/utils/typing.py
/home/akilasar/ros2_ws/src/install/dgppo_ros_node_pkg/lib/python3.12/site-packages/dgppo_ros_node_pkg/dgppo/dgppo/env/lidar_env/waypointless_base.py
/home/akilasar/ros2_ws/src/install/dgppo_ros_node_pkg/lib/python3.12/site-packages/dgppo_ros_node_pkg/dgppo/dgppo/env/lidar_env/lidar_line.py
/home/akilasar/ros2_ws/src/install/dgppo_ros_node_pkg/lib/python3.12/site-packages/dgppo_ros_node_pkg/dgppo/dgppo/env/lidar_env/lidar_bicycle_target.py
/home/akilasar/ros2_ws/src/install/dgppo_ros_node_pkg/lib/python3.12/site-packages/dgppo_ros_node_pkg/dgppo/dgppo/env/lidar_env/waypointless_lidar_target.py
/home/akilasar/ros2_ws/src/install/dgppo_ros_node_pkg/lib/python3.12/site-packages/dgppo_ros_node_pkg/dgppo/dgppo/env/lidar_env/__init__.py
/home/akilasar/ros2_ws/src/install/dgppo_ros_node_pkg/lib/python3.12/site-packages/dgppo_ros_node_pkg/dgppo/dgppo/env/lidar_env/og_base.py
/home/akilasar/ros2_ws/src/install/dgppo_ros_node_pkg/lib/python3.12/site-packages/dgppo_ros_node_pkg/dgppo/dgppo/env/lidar_env/lidar_spread.py
/home/akilasar/ros2_ws/src/install/dgppo_ros_node_pkg/lib/python3.12/site-packages/dgppo_ros_node_pkg/dgppo/dgppo/env/lidar_env/lidar_target.py
/home/akilasar/ros2_ws/src/install/dgppo_ros_node_pkg/lib/python3.12/site-packages/dgppo_ros_node_pkg/dgppo/dgppo/env/lidar_env/og_lidar_target.py
/home/akilasar/ros2_ws/src/install/dgppo_ros_node_pkg/lib/python3.12/site-packages/dgppo_ros_node_pkg/dgppo/dgppo/env/lidar_env/old_lt.py
/home/akilasar/ros2_ws/src/install/dgppo_ros_node_pkg/lib/python3.12/site-packages/dgppo_ros_node_pkg/dgppo/dgppo/env/lidar_env/base.py
/home/akilasar/ros2_ws/src/install/dgppo_ros_node_pkg/lib/python3.12/site-packages/dgppo_ros_node_pkg/dgppo/dgppo/env/vmas/vmas_wheel.py
/home/akilasar/ros2_ws/src/install/dgppo_ros_node_pkg/lib/python3.12/site-packages/dgppo_ros_node_pkg/dgppo/dgppo/env/vmas/__init__.py
/home/akilasar/ros2_ws/src/install/dgppo_ros_node_pkg/lib/python3.12/site-packages/dgppo_ros_node_pkg/dgppo/dgppo/env/vmas/vmas_reverse_transport.py
/home/akilasar/ros2_ws/src/install/dgppo_ros_node_pkg/lib/python3.12/site-packages/dgppo_ros_node_pkg/dgppo/dgppo/env/mpe/mpe_corridor.py
/home/akilasar/ros2_ws/src/install/dgppo_ros_node_pkg/lib/python3.12/site-packages/dgppo_ros_node_pkg/dgppo/dgppo/env/mpe/mpe_formation.py
/home/akilasar/ros2_ws/src/install/dgppo_ros_node_pkg/lib/python3.12/site-packages/dgppo_ros_node_pkg/dgppo/dgppo/env/mpe/mpe_connect_spread.py
/home/akilasar/ros2_ws/src/install/dgppo_ros_node_pkg/lib/python3.12/site-packages/dgppo_ros_node_pkg/dgppo/dgppo/env/mpe/mpe_line.py
/home/akilasar/ros2_ws/src/install/dgppo_ros_node_pkg/lib/python3.12/site-packages/dgppo_ros_node_pkg/dgppo/dgppo/env/mpe/__init__.py
/home/akilasar/ros2_ws/src/install/dgppo_ros_node_pkg/lib/python3.12/site-packages/dgppo_ros_node_pkg/dgppo/dgppo/env/mpe/mpe_target.py
/home/akilasar/ros2_ws/src/install/dgppo_ros_node_pkg/lib/python3.12/site-packages/dgppo_ros_node_pkg/dgppo/dgppo/env/mpe/mpe_spread.py
/home/akilasar/ros2_ws/src/install/dgppo_ros_node_pkg/lib/python3.12/site-packages/dgppo_ros_node_pkg/dgppo/dgppo/env/mpe/base.py
/home/akilasar/ros2_ws/src/install/dgppo_ros_node_pkg/lib/python3.12/site-packages/dgppo_ros_node_pkg/dgppo/dgppo/env/vmas/physax/vmas_utils.py
/home/akilasar/ros2_ws/src/install/dgppo_ros_node_pkg/lib/python3.12/site-packages/dgppo_ros_node_pkg/dgppo/dgppo/env/vmas/physax/jax_types.py
/home/akilasar/ros2_ws/src/install/dgppo_ros_node_pkg/lib/python3.12/site-packages/dgppo_ros_node_pkg/dgppo/dgppo/env/vmas/physax/geometry.py
/home/akilasar/ros2_ws/src/install/dgppo_ros_node_pkg/lib/python3.12/site-packages/dgppo_ros_node_pkg/dgppo/dgppo/env/vmas/physax/world.py
/home/akilasar/ros2_ws/src/install/dgppo_ros_node_pkg/lib/python3.12/site-packages/dgppo_ros_node_pkg/dgppo/dgppo/env/vmas/physax/jax_utils.py
/home/akilasar/ros2_ws/src/install/dgppo_ros_node_pkg/lib/python3.12/site-packages/dgppo_ros_node_pkg/dgppo/dgppo/env/vmas/physax/__init__.py
/home/akilasar/ros2_ws/src/install/dgppo_ros_node_pkg/lib/python3.12/site-packages/dgppo_ros_node_pkg/dgppo/dgppo/env/vmas/physax/shapes.py
/home/akilasar/ros2_ws/src/install/dgppo_ros_node_pkg/lib/python3.12/site-packages/dgppo_ros_node_pkg/dgppo/dgppo/env/vmas/physax/entity.py
/home/akilasar/ros2_ws/src/install/dgppo_ros_node_pkg/lib/python3.12/site-packages/dgppo_ros_node_pkg/dgppo/dgppo/env/vmas/physax/raycast.py
/home/akilasar/ros2_ws/src/install/dgppo_ros_node_pkg/lib/python3.12/site-packages/dgppo_ros_node_pkg/dgppo/dgppo/algo/module/distribution.py
/home/akilasar/ros2_ws/src/install/dgppo_ros_node_pkg/lib/python3.12/site-packages/dgppo_ros_node_pkg/dgppo/dgppo/algo/module/policy.py
/home/akilasar/ros2_ws/src/install/dgppo_ros_node_pkg/lib/python3.12/site-packages/dgppo_ros_node_pkg/dgppo/dgppo/algo/module/value.py
/home/akilasar/ros2_ws/src/install/dgppo_ros_node_pkg/lib/python3.12/site-packages/dgppo_ros_node_pkg/dgppo/dgppo/algo/module/__init__.py
/home/akilasar/ros2_ws/src/install/dgppo_ros_node_pkg/lib/python3.12/site-packages/dgppo_ros_node_pkg/__pycache__/old_spot_dgppo_node.cpython-312.pyc
/home/akilasar/ros2_ws/src/install/dgppo_ros_node_pkg/lib/python3.12/site-packages/dgppo_ros_node_pkg/__pycache__/new_dgppo_ros_node.cpython-312.pyc
/home/akilasar/ros2_ws/src/install/dgppo_ros_node_pkg/lib/python3.12/site-packages/dgppo_ros_node_pkg/__pycache__/__init__.cpython-312.pyc
/home/akilasar/ros2_ws/src/install/dgppo_ros_node_pkg/lib/python3.12/site-packages/dgppo_ros_node_pkg/__pycache__/carla_bridge_node.cpython-312.pyc
/home/akilasar/ros2_ws/src/install/dgppo_ros_node_pkg/lib/python3.12/site-packages/dgppo_ros_node_pkg/__pycache__/dgppo_ros_node.cpython-312.pyc
/home/akilasar/ros2_ws/src/install/dgppo_ros_node_pkg/lib/python3.12/site-packages/dgppo_ros_node_pkg/dgppo/__pycache__/setup.cpython-312.pyc
/home/akilasar/ros2_ws/src/install/dgppo_ros_node_pkg/lib/python3.12/site-packages/dgppo_ros_node_pkg/dgppo/__pycache__/og_train.cpython-312.pyc
/home/akilasar/ros2_ws/src/install/dgppo_ros_node_pkg/lib/python3.12/site-packages/dgppo_ros_node_pkg/dgppo/__pycache__/__init__.cpython-312.pyc
/home/akilasar/ros2_ws/src/install/dgppo_ros_node_pkg/lib/python3.12/site-packages/dgppo_ros_node_pkg/dgppo/__pycache__/test.cpython-312.pyc
/home/akilasar/ros2_ws/src/install/dgppo_ros_node_pkg/lib/python3.12/site-packages/dgppo_ros_node_pkg/dgppo/__pycache__/train.cpython-312.pyc
/home/akilasar/ros2_ws/src/install/dgppo_ros_node_pkg/lib/python3.12/site-packages/dgppo_ros_node_pkg/dgppo/dgppo/__pycache__/__init__.cpython-312.pyc
/home/akilasar/ros2_ws/src/install/dgppo_ros_node_pkg/lib/python3.12/site-packages/dgppo_ros_node_pkg/dgppo/dgppo/trainer/__pycache__/data.cpython-312.pyc
/home/akilasar/ros2_ws/src/install/dgppo_ros_node_pkg/lib/python3.12/site-packages/dgppo_ros_node_pkg/dgppo/dgppo/trainer/__pycache__/utils.cpython-312.pyc
/home/akilasar/ros2_ws/src/install/dgppo_ros_node_pkg/lib/python3.12/site-packages/dgppo_ros_node_pkg/dgppo/dgppo/trainer/__pycache__/buffer.cpython-312.pyc
/home/akilasar/ros2_ws/src/install/dgppo_ros_node_pkg/lib/python3.12/site-packages/dgppo_ros_node_pkg/dgppo/dgppo/trainer/__pycache__/trainer.cpython-312.pyc
/home/akilasar/ros2_ws/src/install/dgppo_ros_node_pkg/lib/python3.12/site-packages/dgppo_ros_node_pkg/dgppo/dgppo/trainer/__pycache__/og_trainer.cpython-312.pyc
/home/akilasar/ros2_ws/src/install/dgppo_ros_node_pkg/lib/python3.12/site-packages/dgppo_ros_node_pkg/dgppo/dgppo/trainer/__pycache__/__init__.cpython-312.pyc
/home/akilasar/ros2_ws/src/install/dgppo_ros_node_pkg/lib/python3.12/site-packages/dgppo_ros_node_pkg/dgppo/dgppo/nn/__pycache__/mlp.cpython-312.pyc
/home/akilasar/ros2_ws/src/install/dgppo_ros_node_pkg/lib/python3.12/site-packages/dgppo_ros_node_pkg/dgppo/dgppo/nn/__pycache__/rnn.cpython-312.pyc
/home/akilasar/ros2_ws/src/install/dgppo_ros_node_pkg/lib/python3.12/site-packages/dgppo_ros_node_pkg/dgppo/dgppo/nn/__pycache__/utils.cpython-312.pyc
/home/akilasar/ros2_ws/src/install/dgppo_ros_node_pkg/lib/python3.12/site-packages/dgppo_ros_node_pkg/dgppo/dgppo/nn/__pycache__/__init__.cpython-312.pyc
/home/akilasar/ros2_ws/src/install/dgppo_ros_node_pkg/lib/python3.12/site-packages/dgppo_ros_node_pkg/dgppo/dgppo/nn/__pycache__/gnn.cpython-312.pyc
/home/akilasar/ros2_ws/src/install/dgppo_ros_node_pkg/lib/python3.12/site-packages/dgppo_ros_node_pkg/dgppo/dgppo/env/__pycache__/og_plot.cpython-312.pyc
/home/akilasar/ros2_ws/src/install/dgppo_ros_node_pkg/lib/python3.12/site-packages/dgppo_ros_node_pkg/dgppo/dgppo/env/__pycache__/obstacle.cpython-312.pyc
/home/akilasar/ros2_ws/src/install/dgppo_ros_node_pkg/lib/python3.12/site-packages/dgppo_ros_node_pkg/dgppo/dgppo/env/__pycache__/behavior_associator.cpython-312.pyc
/home/akilasar/ros2_ws/src/install/dgppo_ros_node_pkg/lib/python3.12/site-packages/dgppo_ros_node_pkg/dgppo/dgppo/env/__pycache__/inter_ba.cpython-312.pyc
/home/akilasar/ros2_ws/src/install/dgppo_ros_node_pkg/lib/python3.12/site-packages/dgppo_ros_node_pkg/dgppo/dgppo/env/__pycache__/utils.cpython-312.pyc
/home/akilasar/ros2_ws/src/install/dgppo_ros_node_pkg/lib/python3.12/site-packages/dgppo_ros_node_pkg/dgppo/dgppo/env/__pycache__/building_plot.cpython-312.pyc
/home/akilasar/ros2_ws/src/install/dgppo_ros_node_pkg/lib/python3.12/site-packages/dgppo_ros_node_pkg/dgppo/dgppo/env/__pycache__/building_behavior_associator.cpython-312.pyc
/home/akilasar/ros2_ws/src/install/dgppo_ros_node_pkg/lib/python3.12/site-packages/dgppo_ros_node_pkg/dgppo/dgppo/env/__pycache__/bridge_behavior_associator.cpython-312.pyc
/home/akilasar/ros2_ws/src/install/dgppo_ros_node_pkg/lib/python3.12/site-packages/dgppo_ros_node_pkg/dgppo/dgppo/env/__pycache__/old_plot.cpython-312.pyc
/home/akilasar/ros2_ws/src/install/dgppo_ros_node_pkg/lib/python3.12/site-packages/dgppo_ros_node_pkg/dgppo/dgppo/env/__pycache__/bridge_plot.cpython-312.pyc
/home/akilasar/ros2_ws/src/install/dgppo_ros_node_pkg/lib/python3.12/site-packages/dgppo_ros_node_pkg/dgppo/dgppo/env/__pycache__/__init__.cpython-312.pyc
/home/akilasar/ros2_ws/src/install/dgppo_ros_node_pkg/lib/python3.12/site-packages/dgppo_ros_node_pkg/dgppo/dgppo/env/__pycache__/intersection_behavior_associator.cpython-312.pyc
/home/akilasar/ros2_ws/src/install/dgppo_ros_node_pkg/lib/python3.12/site-packages/dgppo_ros_node_pkg/dgppo/dgppo/env/__pycache__/base.cpython-312.pyc
/home/akilasar/ros2_ws/src/install/dgppo_ros_node_pkg/lib/python3.12/site-packages/dgppo_ros_node_pkg/dgppo/dgppo/algo/__pycache__/informarl.cpython-312.pyc
/home/akilasar/ros2_ws/src/install/dgppo_ros_node_pkg/lib/python3.12/site-packages/dgppo_ros_node_pkg/dgppo/dgppo/algo/__pycache__/dgppo.cpython-312.pyc
/home/akilasar/ros2_ws/src/install/dgppo_ros_node_pkg/lib/python3.12/site-packages/dgppo_ros_node_pkg/dgppo/dgppo/algo/__pycache__/utils.cpython-312.pyc
/home/akilasar/ros2_ws/src/install/dgppo_ros_node_pkg/lib/python3.12/site-packages/dgppo_ros_node_pkg/dgppo/dgppo/algo/__pycache__/__init__.cpython-312.pyc
/home/akilasar/ros2_ws/src/install/dgppo_ros_node_pkg/lib/python3.12/site-packages/dgppo_ros_node_pkg/dgppo/dgppo/algo/__pycache__/hcbfcrpo.cpython-312.pyc
/home/akilasar/ros2_ws/src/install/dgppo_ros_node_pkg/lib/python3.12/site-packages/dgppo_ros_node_pkg/dgppo/dgppo/algo/__pycache__/og_informarl_lagr.cpython-312.pyc
/home/akilasar/ros2_ws/src/install/dgppo_ros_node_pkg/lib/python3.12/site-packages/dgppo_ros_node_pkg/dgppo/dgppo/algo/__pycache__/informarl_lagr.cpython-312.pyc
/home/akilasar/ros2_ws/src/install/dgppo_ros_node_pkg/lib/python3.12/site-packages/dgppo_ros_node_pkg/dgppo/dgppo/algo/__pycache__/base.cpython-312.pyc
/home/akilasar/ros2_ws/src/install/dgppo_ros_node_pkg/lib/python3.12/site-packages/dgppo_ros_node_pkg/dgppo/dgppo/utils/__pycache__/utils.cpython-312.pyc
/home/akilasar/ros2_ws/src/install/dgppo_ros_node_pkg/lib/python3.12/site-packages/dgppo_ros_node_pkg/dgppo/dgppo/utils/__pycache__/__init__.cpython-312.pyc
/home/akilasar/ros2_ws/src/install/dgppo_ros_node_pkg/lib/python3.12/site-packages/dgppo_ros_node_pkg/dgppo/dgppo/utils/__pycache__/graph.cpython-312.pyc
/home/akilasar/ros2_ws/src/install/dgppo_ros_node_pkg/lib/python3.12/site-packages/dgppo_ros_node_pkg/dgppo/dgppo/utils/__pycache__/typing.cpython-312.pyc
/home/akilasar/ros2_ws/src/install/dgppo_ros_node_pkg/lib/python3.12/site-packages/dgppo_ros_node_pkg/dgppo/dgppo/env/lidar_env/__pycache__/waypointless_base.cpython-312.pyc
/home/akilasar/ros2_ws/src/install/dgppo_ros_node_pkg/lib/python3.12/site-packages/dgppo_ros_node_pkg/dgppo/dgppo/env/lidar_env/__pycache__/lidar_line.cpython-312.pyc
/home/akilasar/ros2_ws/src/install/dgppo_ros_node_pkg/lib/python3.12/site-packages/dgppo_ros_node_pkg/dgppo/dgppo/env/lidar_env/__pycache__/lidar_bicycle_target.cpython-312.pyc
/home/akilasar/ros2_ws/src/install/dgppo_ros_node_pkg/lib/python3.12/site-packages/dgppo_ros_node_pkg/dgppo/dgppo/env/lidar_env/__pycache__/waypointless_lidar_target.cpython-312.pyc
/home/akilasar/ros2_ws/src/install/dgppo_ros_node_pkg/lib/python3.12/site-packages/dgppo_ros_node_pkg/dgppo/dgppo/env/lidar_env/__pycache__/__init__.cpython-312.pyc
/home/akilasar/ros2_ws/src/install/dgppo_ros_node_pkg/lib/python3.12/site-packages/dgppo_ros_node_pkg/dgppo/dgppo/env/lidar_env/__pycache__/og_base.cpython-312.pyc
/home/akilasar/ros2_ws/src/install/dgppo_ros_node_pkg/lib/python3.12/site-packages/dgppo_ros_node_pkg/dgppo/dgppo/env/lidar_env/__pycache__/lidar_spread.cpython-312.pyc
/home/akilasar/ros2_ws/src/install/dgppo_ros_node_pkg/lib/python3.12/site-packages/dgppo_ros_node_pkg/dgppo/dgppo/env/lidar_env/__pycache__/lidar_target.cpython-312.pyc
/home/akilasar/ros2_ws/src/install/dgppo_ros_node_pkg/lib/python3.12/site-packages/dgppo_ros_node_pkg/dgppo/dgppo/env/lidar_env/__pycache__/og_lidar_target.cpython-312.pyc
/home/akilasar/ros2_ws/src/install/dgppo_ros_node_pkg/lib/python3.12/site-packages/dgppo_ros_node_pkg/dgppo/dgppo/env/lidar_env/__pycache__/old_lt.cpython-312.pyc
/home/akilasar/ros2_ws/src/install/dgppo_ros_node_pkg/lib/python3.12/site-packages/dgppo_ros_node_pkg/dgppo/dgppo/env/lidar_env/__pycache__/base.cpython-312.pyc
/home/akilasar/ros2_ws/src/install/dgppo_ros_node_pkg/lib/python3.12/site-packages/dgppo_ros_node_pkg/dgppo/dgppo/env/vmas/__pycache__/vmas_wheel.cpython-312.pyc
/home/akilasar/ros2_ws/src/install/dgppo_ros_node_pkg/lib/python3.12/site-packages/dgppo_ros_node_pkg/dgppo/dgppo/env/vmas/__pycache__/__init__.cpython-312.pyc
/home/akilasar/ros2_ws/src/install/dgppo_ros_node_pkg/lib/python3.12/site-packages/dgppo_ros_node_pkg/dgppo/dgppo/env/vmas/__pycache__/vmas_reverse_transport.cpython-312.pyc
/home/akilasar/ros2_ws/src/install/dgppo_ros_node_pkg/lib/python3.12/site-packages/dgppo_ros_node_pkg/dgppo/dgppo/env/mpe/__pycache__/mpe_corridor.cpython-312.pyc
/home/akilasar/ros2_ws/src/install/dgppo_ros_node_pkg/lib/python3.12/site-packages/dgppo_ros_node_pkg/dgppo/dgppo/env/mpe/__pycache__/mpe_formation.cpython-312.pyc
/home/akilasar/ros2_ws/src/install/dgppo_ros_node_pkg/lib/python3.12/site-packages/dgppo_ros_node_pkg/dgppo/dgppo/env/mpe/__pycache__/mpe_connect_spread.cpython-312.pyc
/home/akilasar/ros2_ws/src/install/dgppo_ros_node_pkg/lib/python3.12/site-packages/dgppo_ros_node_pkg/dgppo/dgppo/env/mpe/__pycache__/mpe_line.cpython-312.pyc
/home/akilasar/ros2_ws/src/install/dgppo_ros_node_pkg/lib/python3.12/site-packages/dgppo_ros_node_pkg/dgppo/dgppo/env/mpe/__pycache__/__init__.cpython-312.pyc
/home/akilasar/ros2_ws/src/install/dgppo_ros_node_pkg/lib/python3.12/site-packages/dgppo_ros_node_pkg/dgppo/dgppo/env/mpe/__pycache__/mpe_target.cpython-312.pyc
/home/akilasar/ros2_ws/src/install/dgppo_ros_node_pkg/lib/python3.12/site-packages/dgppo_ros_node_pkg/dgppo/dgppo/env/mpe/__pycache__/mpe_spread.cpython-312.pyc
/home/akilasar/ros2_ws/src/install/dgppo_ros_node_pkg/lib/python3.12/site-packages/dgppo_ros_node_pkg/dgppo/dgppo/env/mpe/__pycache__/base.cpython-312.pyc
/home/akilasar/ros2_ws/src/install/dgppo_ros_node_pkg/lib/python3.12/site-packages/dgppo_ros_node_pkg/dgppo/dgppo/env/vmas/physax/__pycache__/vmas_utils.cpython-312.pyc
/home/akilasar/ros2_ws/src/install/dgppo_ros_node_pkg/lib/python3.12/site-packages/dgppo_ros_node_pkg/dgppo/dgppo/env/vmas/physax/__pycache__/jax_types.cpython-312.pyc
/home/akilasar/ros2_ws/src/install/dgppo_ros_node_pkg/lib/python3.12/site-packages/dgppo_ros_node_pkg/dgppo/dgppo/env/vmas/physax/__pycache__/geometry.cpython-312.pyc
/home/akilasar/ros2_ws/src/install/dgppo_ros_node_pkg/lib/python3.12/site-packages/dgppo_ros_node_pkg/dgppo/dgppo/env/vmas/physax/__pycache__/world.cpython-312.pyc
/home/akilasar/ros2_ws/src/install/dgppo_ros_node_pkg/lib/python3.12/site-packages/dgppo_ros_node_pkg/dgppo/dgppo/env/vmas/physax/__pycache__/jax_utils.cpython-312.pyc
/home/akilasar/ros2_ws/src/install/dgppo_ros_node_pkg/lib/python3.12/site-packages/dgppo_ros_node_pkg/dgppo/dgppo/env/vmas/physax/__pycache__/__init__.cpython-312.pyc
/home/akilasar/ros2_ws/src/install/dgppo_ros_node_pkg/lib/python3.12/site-packages/dgppo_ros_node_pkg/dgppo/dgppo/env/vmas/physax/__pycache__/shapes.cpython-312.pyc
/home/akilasar/ros2_ws/src/install/dgppo_ros_node_pkg/lib/python3.12/site-packages/dgppo_ros_node_pkg/dgppo/dgppo/env/vmas/physax/__pycache__/entity.cpython-312.pyc
/home/akilasar/ros2_ws/src/install/dgppo_ros_node_pkg/lib/python3.12/site-packages/dgppo_ros_node_pkg/dgppo/dgppo/env/vmas/physax/__pycache__/raycast.cpython-312.pyc
/home/akilasar/ros2_ws/src/install/dgppo_ros_node_pkg/lib/python3.12/site-packages/dgppo_ros_node_pkg/dgppo/dgppo/algo/module/__pycache__/distribution.cpython-312.pyc
/home/akilasar/ros2_ws/src/install/dgppo_ros_node_pkg/lib/python3.12/site-packages/dgppo_ros_node_pkg/dgppo/dgppo/algo/module/__pycache__/policy.cpython-312.pyc
/home/akilasar/ros2_ws/src/install/dgppo_ros_node_pkg/lib/python3.12/site-packages/dgppo_ros_node_pkg/dgppo/dgppo/algo/module/__pycache__/value.cpython-312.pyc
/home/akilasar/ros2_ws/src/install/dgppo_ros_node_pkg/lib/python3.12/site-packages/dgppo_ros_node_pkg/dgppo/dgppo/algo/module/__pycache__/__init__.cpython-312.pyc
/home/akilasar/ros2_ws/src/install/dgppo_ros_node_pkg/share/ament_index/resource_index/packages/dgppo_ros_node_pkg
/home/akilasar/ros2_ws/src/install/dgppo_ros_node_pkg/share/dgppo_ros_node_pkg/package.xml
/home/akilasar/ros2_ws/src/install/dgppo_ros_node_pkg/lib/python3.12/site-packages/dgppo_ros_node_pkg-0.0.0-py3.12.egg-info/PKG-INFO
/home/akilasar/ros2_ws/src/install/dgppo_ros_node_pkg/lib/python3.12/site-packages/dgppo_ros_node_pkg-0.0.0-py3.12.egg-info/SOURCES.txt
/home/akilasar/ros2_ws/src/install/dgppo_ros_node_pkg/lib/python3.12/site-packages/dgppo_ros_node_pkg-0.0.0-py3.12.egg-info/dependency_links.txt
/home/akilasar/ros2_ws/src/install/dgppo_ros_node_pkg/lib/python3.12/site-packages/dgppo_ros_node_pkg-0.0.0-py3.12.egg-info/entry_points.txt
/home/akilasar/ros2_ws/src/install/dgppo_ros_node_pkg/lib/python3.12/site-packages/dgppo_ros_node_pkg-0.0.0-py3.12.egg-info/zip-safe
/home/akilasar/ros2_ws/src/install/dgppo_ros_node_pkg/lib/python3.12/site-packages/dgppo_ros_node_pkg-0.0.0-py3.12.egg-info/requires.txt
/home/akilasar/ros2_ws/src/install/dgppo_ros_node_pkg/lib/python3.12/site-packages/dgppo_ros_node_pkg-0.0.0-py3.12.egg-info/top_level.txt
/home/akilasar/ros2_ws/src/install/dgppo_ros_node_pkg/lib/dgppo_ros_node_pkg/carla_bridge_node
/home/akilasar/ros2_ws/src/install/dgppo_ros_node_pkg/lib/dgppo_ros_node_pkg/dgppo_ros_node
