running egg_info
writing ../build/clustering/clustering.egg-info/PKG-INFO
writing dependency_links to ../build/clustering/clustering.egg-info/dependency_links.txt
writing entry points to ../build/clustering/clustering.egg-info/entry_points.txt
writing requirements to ../build/clustering/clustering.egg-info/requires.txt
writing top-level names to ../build/clustering/clustering.egg-info/top_level.txt
reading manifest file '../build/clustering/clustering.egg-info/SOURCES.txt'
writing manifest file '../build/clustering/clustering.egg-info/SOURCES.txt'
running build
running build_py
running install
running install_lib
running install_data
running install_egg_info
removing '/home/akilasar/ros2_ws/src/install/clustering/lib/python3.12/site-packages/clustering-0.0.0-py3.12.egg-info' (and everything under it)
Copying ../build/clustering/clustering.egg-info to /home/akilasar/ros2_ws/src/install/clustering/lib/python3.12/site-packages/clustering-0.0.0-py3.12.egg-info
running install_scripts
Installing carla_scaling script to /home/akilasar/ros2_ws/src/install/clustering/lib/clustering
Installing clock_publisher script to /home/akilasar/ros2_ws/src/install/clustering/lib/clustering
Installing live_cluster_inference_node script to /home/akilasar/ros2_ws/src/install/clustering/lib/clustering
writing list of installed files to '/home/akilasar/ros2_ws/src/build/clustering/install.log'
