[1.805s] Invoking command in '/home/akilasar/ros2_ws/src/clustering': CONDA_PROMPT_MODIFIER=(test_env) DEBUGINFOD_URLS=https://debuginfod.ubuntu.com PYTHONPATH=/home/akilasar/ros2_ws/src/build/clustering/prefix_override:/usr/lib/python3/dist-packages/colcon_core/task/python/colcon_distutils_commands:/home/akilasar/ros2_ws/src/install/clustering/lib/python3.12/site-packages:${PYTHONPATH} /usr/bin/python3 -W ignore:setup.py install is deprecated -W ignore:easy_install command is deprecated setup.py egg_info --egg-base ../build/clustering build --build-base /home/akilasar/ros2_ws/src/build/clustering/build install --record /home/akilasar/ros2_ws/src/build/clustering/install.log --single-version-externally-managed install_data
[2.062s] running egg_info
[2.080s] writing ../build/clustering/clustering.egg-info/PKG-INFO
[2.081s] writing dependency_links to ../build/clustering/clustering.egg-info/dependency_links.txt
[2.081s] writing entry points to ../build/clustering/clustering.egg-info/entry_points.txt
[2.081s] writing requirements to ../build/clustering/clustering.egg-info/requires.txt
[2.081s] writing top-level names to ../build/clustering/clustering.egg-info/top_level.txt
[2.116s] reading manifest file '../build/clustering/clustering.egg-info/SOURCES.txt'
[2.118s] writing manifest file '../build/clustering/clustering.egg-info/SOURCES.txt'
[2.118s] running build
[2.118s] running build_py
[2.119s] running install
[2.124s] running install_lib
[2.141s] running install_data
[2.141s] running install_egg_info
[2.157s] removing '/home/akilasar/ros2_ws/src/install/clustering/lib/python3.12/site-packages/clustering-0.0.0-py3.12.egg-info' (and everything under it)
[2.158s] Copying ../build/clustering/clustering.egg-info to /home/akilasar/ros2_ws/src/install/clustering/lib/python3.12/site-packages/clustering-0.0.0-py3.12.egg-info
[2.159s] running install_scripts
[2.280s] Installing carla_scaling script to /home/akilasar/ros2_ws/src/install/clustering/lib/clustering
[2.280s] Installing clock_publisher script to /home/akilasar/ros2_ws/src/install/clustering/lib/clustering
[2.280s] Installing live_cluster_inference_node script to /home/akilasar/ros2_ws/src/install/clustering/lib/clustering
[2.280s] writing list of installed files to '/home/akilasar/ros2_ws/src/build/clustering/install.log'
[2.348s] Invoked command in '/home/akilasar/ros2_ws/src/clustering' returned '0': CONDA_PROMPT_MODIFIER=(test_env) DEBUGINFOD_URLS=https://debuginfod.ubuntu.com PYTHONPATH=/home/akilasar/ros2_ws/src/build/clustering/prefix_override:/usr/lib/python3/dist-packages/colcon_core/task/python/colcon_distutils_commands:/home/akilasar/ros2_ws/src/install/clustering/lib/python3.12/site-packages:${PYTHONPATH} /usr/bin/python3 -W ignore:setup.py install is deprecated -W ignore:easy_install command is deprecated setup.py egg_info --egg-base ../build/clustering build --build-base /home/akilasar/ros2_ws/src/build/clustering/build install --record /home/akilasar/ros2_ws/src/build/clustering/install.log --single-version-externally-managed install_data
