running egg_info
creating ../build/carla_dgppo_pkg/carla_dgppo_pkg.egg-info
writing ../build/carla_dgppo_pkg/carla_dgppo_pkg.egg-info/PKG-INFO
writing dependency_links to ../build/carla_dgppo_pkg/carla_dgppo_pkg.egg-info/dependency_links.txt
writing requirements to ../build/carla_dgppo_pkg/carla_dgppo_pkg.egg-info/requires.txt
writing top-level names to ../build/carla_dgppo_pkg/carla_dgppo_pkg.egg-info/top_level.txt
writing manifest file '../build/carla_dgppo_pkg/carla_dgppo_pkg.egg-info/SOURCES.txt'
reading manifest file '../build/carla_dgppo_pkg/carla_dgppo_pkg.egg-info/SOURCES.txt'
writing manifest file '../build/carla_dgppo_pkg/carla_dgppo_pkg.egg-info/SOURCES.txt'
running build
running build_py
creating /home/akilasar/ros2_ws/src/build/carla_dgppo_pkg/build
creating /home/akilasar/ros2_ws/src/build/carla_dgppo_pkg/build/lib
creating /home/akilasar/ros2_ws/src/build/carla_dgppo_pkg/build/lib/carla_dgppo_pkg
copying carla_dgppo_pkg/__init__.py -> /home/akilasar/ros2_ws/src/build/carla_dgppo_pkg/build/lib/carla_dgppo_pkg
running install
running install_lib
creating /home/akilasar/ros2_ws/src/install/carla_dgppo_pkg/lib/python3.12/site-packages/carla_dgppo_pkg
copying /home/akilasar/ros2_ws/src/build/carla_dgppo_pkg/build/lib/carla_dgppo_pkg/__init__.py -> /home/akilasar/ros2_ws/src/install/carla_dgppo_pkg/lib/python3.12/site-packages/carla_dgppo_pkg
byte-compiling /home/akilasar/ros2_ws/src/install/carla_dgppo_pkg/lib/python3.12/site-packages/carla_dgppo_pkg/__init__.py to __init__.cpython-312.pyc
running install_data
creating /home/akilasar/ros2_ws/src/install/carla_dgppo_pkg/share/ament_index
creating /home/akilasar/ros2_ws/src/install/carla_dgppo_pkg/share/ament_index/resource_index
creating /home/akilasar/ros2_ws/src/install/carla_dgppo_pkg/share/ament_index/resource_index/packages
copying resource/carla_dgppo_pkg -> /home/akilasar/ros2_ws/src/install/carla_dgppo_pkg/share/ament_index/resource_index/packages
copying package.xml -> /home/akilasar/ros2_ws/src/install/carla_dgppo_pkg/share/carla_dgppo_pkg
running install_egg_info
Copying ../build/carla_dgppo_pkg/carla_dgppo_pkg.egg-info to /home/akilasar/ros2_ws/src/install/carla_dgppo_pkg/lib/python3.12/site-packages/carla_dgppo_pkg-0.0.0-py3.12.egg-info
running install_scripts
writing list of installed files to '/home/akilasar/ros2_ws/src/build/carla_dgppo_pkg/install.log'
