[1.535s] Invoking command in '/home/akilasar/ros2_ws/src/carla_dgppo_pkg': CONDA_PROMPT_MODIFIER=(test_env) DEBUGINFOD_URLS=https://debuginfod.ubuntu.com PYTHONPATH=/home/akilasar/ros2_ws/src/build/carla_dgppo_pkg/prefix_override:/usr/lib/python3/dist-packages/colcon_core/task/python/colcon_distutils_commands:/home/akilasar/ros2_ws/src/install/carla_dgppo_pkg/lib/python3.12/site-packages:${PYTHONPATH} /usr/bin/python3 -W ignore:setup.py install is deprecated -W ignore:easy_install command is deprecated setup.py egg_info --egg-base ../build/carla_dgppo_pkg build --build-base /home/akilasar/ros2_ws/src/build/carla_dgppo_pkg/build install --record /home/akilasar/ros2_ws/src/build/carla_dgppo_pkg/install.log --single-version-externally-managed install_data
[1.757s] running egg_info
[1.757s] creating ../build/carla_dgppo_pkg/carla_dgppo_pkg.egg-info
[1.766s] writing ../build/carla_dgppo_pkg/carla_dgppo_pkg.egg-info/PKG-INFO
[1.766s] writing dependency_links to ../build/carla_dgppo_pkg/carla_dgppo_pkg.egg-info/dependency_links.txt
[1.766s] writing requirements to ../build/carla_dgppo_pkg/carla_dgppo_pkg.egg-info/requires.txt
[1.766s] writing top-level names to ../build/carla_dgppo_pkg/carla_dgppo_pkg.egg-info/top_level.txt
[1.766s] writing manifest file '../build/carla_dgppo_pkg/carla_dgppo_pkg.egg-info/SOURCES.txt'
[1.784s] reading manifest file '../build/carla_dgppo_pkg/carla_dgppo_pkg.egg-info/SOURCES.txt'
[1.785s] writing manifest file '../build/carla_dgppo_pkg/carla_dgppo_pkg.egg-info/SOURCES.txt'
[1.785s] running build
[1.786s] running build_py
[1.786s] creating /home/akilasar/ros2_ws/src/build/carla_dgppo_pkg/build
[1.786s] creating /home/akilasar/ros2_ws/src/build/carla_dgppo_pkg/build/lib
[1.786s] creating /home/akilasar/ros2_ws/src/build/carla_dgppo_pkg/build/lib/carla_dgppo_pkg
[1.786s] copying carla_dgppo_pkg/__init__.py -> /home/akilasar/ros2_ws/src/build/carla_dgppo_pkg/build/lib/carla_dgppo_pkg
[1.786s] running install
[1.792s] running install_lib
[1.802s] creating /home/akilasar/ros2_ws/src/install/carla_dgppo_pkg/lib/python3.12/site-packages/carla_dgppo_pkg
[1.802s] copying /home/akilasar/ros2_ws/src/build/carla_dgppo_pkg/build/lib/carla_dgppo_pkg/__init__.py -> /home/akilasar/ros2_ws/src/install/carla_dgppo_pkg/lib/python3.12/site-packages/carla_dgppo_pkg
[1.803s] byte-compiling /home/akilasar/ros2_ws/src/install/carla_dgppo_pkg/lib/python3.12/site-packages/carla_dgppo_pkg/__init__.py to __init__.cpython-312.pyc
[1.803s] running install_data
[1.803s] creating /home/akilasar/ros2_ws/src/install/carla_dgppo_pkg/share/ament_index
[1.803s] creating /home/akilasar/ros2_ws/src/install/carla_dgppo_pkg/share/ament_index/resource_index
[1.803s] creating /home/akilasar/ros2_ws/src/install/carla_dgppo_pkg/share/ament_index/resource_index/packages
[1.803s] copying resource/carla_dgppo_pkg -> /home/akilasar/ros2_ws/src/install/carla_dgppo_pkg/share/ament_index/resource_index/packages
[1.805s] copying package.xml -> /home/akilasar/ros2_ws/src/install/carla_dgppo_pkg/share/carla_dgppo_pkg
[1.805s] running install_egg_info
[1.817s] Copying ../build/carla_dgppo_pkg/carla_dgppo_pkg.egg-info to /home/akilasar/ros2_ws/src/install/carla_dgppo_pkg/lib/python3.12/site-packages/carla_dgppo_pkg-0.0.0-py3.12.egg-info
[1.818s] running install_scripts
[1.898s] writing list of installed files to '/home/akilasar/ros2_ws/src/build/carla_dgppo_pkg/install.log'
[1.956s] Invoked command in '/home/akilasar/ros2_ws/src/carla_dgppo_pkg' returned '0': CONDA_PROMPT_MODIFIER=(test_env) DEBUGINFOD_URLS=https://debuginfod.ubuntu.com PYTHONPATH=/home/akilasar/ros2_ws/src/build/carla_dgppo_pkg/prefix_override:/usr/lib/python3/dist-packages/colcon_core/task/python/colcon_distutils_commands:/home/akilasar/ros2_ws/src/install/carla_dgppo_pkg/lib/python3.12/site-packages:${PYTHONPATH} /usr/bin/python3 -W ignore:setup.py install is deprecated -W ignore:easy_install command is deprecated setup.py egg_info --egg-base ../build/carla_dgppo_pkg build --build-base /home/akilasar/ros2_ws/src/build/carla_dgppo_pkg/build install --record /home/akilasar/ros2_ws/src/build/carla_dgppo_pkg/install.log --single-version-externally-managed install_data
