running egg_info
creating ../build/my_pointcloud_visualizer/my_pointcloud_visualizer.egg-info
writing ../build/my_pointcloud_visualizer/my_pointcloud_visualizer.egg-info/PKG-INFO
writing dependency_links to ../build/my_pointcloud_visualizer/my_pointcloud_visualizer.egg-info/dependency_links.txt
writing entry points to ../build/my_pointcloud_visualizer/my_pointcloud_visualizer.egg-info/entry_points.txt
writing requirements to ../build/my_pointcloud_visualizer/my_pointcloud_visualizer.egg-info/requires.txt
writing top-level names to ../build/my_pointcloud_visualizer/my_pointcloud_visualizer.egg-info/top_level.txt
writing manifest file '../build/my_pointcloud_visualizer/my_pointcloud_visualizer.egg-info/SOURCES.txt'
reading manifest file '../build/my_pointcloud_visualizer/my_pointcloud_visualizer.egg-info/SOURCES.txt'
writing manifest file '../build/my_pointcloud_visualizer/my_pointcloud_visualizer.egg-info/SOURCES.txt'
running build
running build_py
creating /home/akilasar/ros2_ws/src/build/my_pointcloud_visualizer/build
creating /home/akilasar/ros2_ws/src/build/my_pointcloud_visualizer/build/lib
creating /home/akilasar/ros2_ws/src/build/my_pointcloud_visualizer/build/lib/my_pointcloud_visualizer
copying my_pointcloud_visualizer/__init__.py -> /home/akilasar/ros2_ws/src/build/my_pointcloud_visualizer/build/lib/my_pointcloud_visualizer
copying my_pointcloud_visualizer/pointcloud_visualizer_node.py -> /home/akilasar/ros2_ws/src/build/my_pointcloud_visualizer/build/lib/my_pointcloud_visualizer
running install
running install_lib
creating /home/akilasar/ros2_ws/src/install/my_pointcloud_visualizer/lib/python3.12/site-packages/my_pointcloud_visualizer
copying /home/akilasar/ros2_ws/src/build/my_pointcloud_visualizer/build/lib/my_pointcloud_visualizer/__init__.py -> /home/akilasar/ros2_ws/src/install/my_pointcloud_visualizer/lib/python3.12/site-packages/my_pointcloud_visualizer
copying /home/akilasar/ros2_ws/src/build/my_pointcloud_visualizer/build/lib/my_pointcloud_visualizer/pointcloud_visualizer_node.py -> /home/akilasar/ros2_ws/src/install/my_pointcloud_visualizer/lib/python3.12/site-packages/my_pointcloud_visualizer
byte-compiling /home/akilasar/ros2_ws/src/install/my_pointcloud_visualizer/lib/python3.12/site-packages/my_pointcloud_visualizer/__init__.py to __init__.cpython-312.pyc
byte-compiling /home/akilasar/ros2_ws/src/install/my_pointcloud_visualizer/lib/python3.12/site-packages/my_pointcloud_visualizer/pointcloud_visualizer_node.py to pointcloud_visualizer_node.cpython-312.pyc
running install_data
creating /home/akilasar/ros2_ws/src/install/my_pointcloud_visualizer/share/ament_index
creating /home/akilasar/ros2_ws/src/install/my_pointcloud_visualizer/share/ament_index/resource_index
creating /home/akilasar/ros2_ws/src/install/my_pointcloud_visualizer/share/ament_index/resource_index/packages
copying resource/my_pointcloud_visualizer -> /home/akilasar/ros2_ws/src/install/my_pointcloud_visualizer/share/ament_index/resource_index/packages
copying package.xml -> /home/akilasar/ros2_ws/src/install/my_pointcloud_visualizer/share/my_pointcloud_visualizer
running install_egg_info
Copying ../build/my_pointcloud_visualizer/my_pointcloud_visualizer.egg-info to /home/akilasar/ros2_ws/src/install/my_pointcloud_visualizer/lib/python3.12/site-packages/my_pointcloud_visualizer-0.0.0-py3.12.egg-info
running install_scripts
Installing visualizer script to /home/akilasar/ros2_ws/src/install/my_pointcloud_visualizer/lib/my_pointcloud_visualizer
writing list of installed files to '/home/akilasar/ros2_ws/src/build/my_pointcloud_visualizer/install.log'
