[1.567s] Invoking command in '/home/akilasar/ros2_ws/src/my_pointcloud_visualizer': CONDA_PROMPT_MODIFIER=(test_env) DEBUGINFOD_URLS=https://debuginfod.ubuntu.com PYTHONPATH=/home/akilasar/ros2_ws/src/build/my_pointcloud_visualizer/prefix_override:/usr/lib/python3/dist-packages/colcon_core/task/python/colcon_distutils_commands:/home/akilasar/ros2_ws/src/install/my_pointcloud_visualizer/lib/python3.12/site-packages:${PYTHONPATH} /usr/bin/python3 -W ignore:setup.py install is deprecated -W ignore:easy_install command is deprecated setup.py egg_info --egg-base ../build/my_pointcloud_visualizer build --build-base /home/akilasar/ros2_ws/src/build/my_pointcloud_visualizer/build install --record /home/akilasar/ros2_ws/src/build/my_pointcloud_visualizer/install.log --single-version-externally-managed install_data
[1.772s] running egg_info
[1.772s] creating ../build/my_pointcloud_visualizer/my_pointcloud_visualizer.egg-info
[1.779s] writing ../build/my_pointcloud_visualizer/my_pointcloud_visualizer.egg-info/PKG-INFO
[1.780s] writing dependency_links to ../build/my_pointcloud_visualizer/my_pointcloud_visualizer.egg-info/dependency_links.txt
[1.780s] writing entry points to ../build/my_pointcloud_visualizer/my_pointcloud_visualizer.egg-info/entry_points.txt
[1.780s] writing requirements to ../build/my_pointcloud_visualizer/my_pointcloud_visualizer.egg-info/requires.txt
[1.780s] writing top-level names to ../build/my_pointcloud_visualizer/my_pointcloud_visualizer.egg-info/top_level.txt
[1.780s] writing manifest file '../build/my_pointcloud_visualizer/my_pointcloud_visualizer.egg-info/SOURCES.txt'
[1.802s] reading manifest file '../build/my_pointcloud_visualizer/my_pointcloud_visualizer.egg-info/SOURCES.txt'
[1.803s] writing manifest file '../build/my_pointcloud_visualizer/my_pointcloud_visualizer.egg-info/SOURCES.txt'
[1.803s] running build
[1.803s] running build_py
[1.804s] creating /home/akilasar/ros2_ws/src/build/my_pointcloud_visualizer/build
[1.805s] creating /home/akilasar/ros2_ws/src/build/my_pointcloud_visualizer/build/lib
[1.805s] creating /home/akilasar/ros2_ws/src/build/my_pointcloud_visualizer/build/lib/my_pointcloud_visualizer
[1.805s] copying my_pointcloud_visualizer/__init__.py -> /home/akilasar/ros2_ws/src/build/my_pointcloud_visualizer/build/lib/my_pointcloud_visualizer
[1.805s] copying my_pointcloud_visualizer/pointcloud_visualizer_node.py -> /home/akilasar/ros2_ws/src/build/my_pointcloud_visualizer/build/lib/my_pointcloud_visualizer
[1.805s] running install
[1.811s] running install_lib
[1.821s] creating /home/akilasar/ros2_ws/src/install/my_pointcloud_visualizer/lib/python3.12/site-packages/my_pointcloud_visualizer
[1.821s] copying /home/akilasar/ros2_ws/src/build/my_pointcloud_visualizer/build/lib/my_pointcloud_visualizer/__init__.py -> /home/akilasar/ros2_ws/src/install/my_pointcloud_visualizer/lib/python3.12/site-packages/my_pointcloud_visualizer
[1.821s] copying /home/akilasar/ros2_ws/src/build/my_pointcloud_visualizer/build/lib/my_pointcloud_visualizer/pointcloud_visualizer_node.py -> /home/akilasar/ros2_ws/src/install/my_pointcloud_visualizer/lib/python3.12/site-packages/my_pointcloud_visualizer
[1.822s] byte-compiling /home/akilasar/ros2_ws/src/install/my_pointcloud_visualizer/lib/python3.12/site-packages/my_pointcloud_visualizer/__init__.py to __init__.cpython-312.pyc
[1.822s] byte-compiling /home/akilasar/ros2_ws/src/install/my_pointcloud_visualizer/lib/python3.12/site-packages/my_pointcloud_visualizer/pointcloud_visualizer_node.py to pointcloud_visualizer_node.cpython-312.pyc
[1.823s] running install_data
[1.823s] creating /home/akilasar/ros2_ws/src/install/my_pointcloud_visualizer/share/ament_index
[1.823s] creating /home/akilasar/ros2_ws/src/install/my_pointcloud_visualizer/share/ament_index/resource_index
[1.823s] creating /home/akilasar/ros2_ws/src/install/my_pointcloud_visualizer/share/ament_index/resource_index/packages
[1.823s] copying resource/my_pointcloud_visualizer -> /home/akilasar/ros2_ws/src/install/my_pointcloud_visualizer/share/ament_index/resource_index/packages
[1.823s] copying package.xml -> /home/akilasar/ros2_ws/src/install/my_pointcloud_visualizer/share/my_pointcloud_visualizer
[1.824s] running install_egg_info
[1.833s] Copying ../build/my_pointcloud_visualizer/my_pointcloud_visualizer.egg-info to /home/akilasar/ros2_ws/src/install/my_pointcloud_visualizer/lib/python3.12/site-packages/my_pointcloud_visualizer-0.0.0-py3.12.egg-info
[1.834s] running install_scripts
[1.918s] Installing visualizer script to /home/akilasar/ros2_ws/src/install/my_pointcloud_visualizer/lib/my_pointcloud_visualizer
[1.918s] writing list of installed files to '/home/akilasar/ros2_ws/src/build/my_pointcloud_visualizer/install.log'
[1.972s] Invoked command in '/home/akilasar/ros2_ws/src/my_pointcloud_visualizer' returned '0': CONDA_PROMPT_MODIFIER=(test_env) DEBUGINFOD_URLS=https://debuginfod.ubuntu.com PYTHONPATH=/home/akilasar/ros2_ws/src/build/my_pointcloud_visualizer/prefix_override:/usr/lib/python3/dist-packages/colcon_core/task/python/colcon_distutils_commands:/home/akilasar/ros2_ws/src/install/my_pointcloud_visualizer/lib/python3.12/site-packages:${PYTHONPATH} /usr/bin/python3 -W ignore:setup.py install is deprecated -W ignore:easy_install command is deprecated setup.py egg_info --egg-base ../build/my_pointcloud_visualizer build --build-base /home/akilasar/ros2_ws/src/build/my_pointcloud_visualizer/build install --record /home/akilasar/ros2_ws/src/build/my_pointcloud_visualizer/install.log --single-version-externally-managed install_data
