/home/akilasar/ros2_ws/src/install/clustering/lib/python3.12/site-packages/clustering/live_cluster_inference_node.py
/home/akilasar/ros2_ws/src/install/clustering/lib/python3.12/site-packages/clustering/cluster_matching.py
/home/akilasar/ros2_ws/src/install/clustering/lib/python3.12/site-packages/clustering/live_cluster_laserscan.py
/home/akilasar/ros2_ws/src/install/clustering/lib/python3.12/site-packages/clustering/cluster_training.py
/home/akilasar/ros2_ws/src/install/clustering/lib/python3.12/site-packages/clustering/lidarviz.py
/home/akilasar/ros2_ws/src/install/clustering/lib/python3.12/site-packages/clustering/clock_publisher.py
/home/akilasar/ros2_ws/src/install/clustering/lib/python3.12/site-packages/clustering/scaling_carla_inputs.py
/home/akilasar/ros2_ws/src/install/clustering/lib/python3.12/site-packages/clustering/eval_clusters.py
/home/akilasar/ros2_ws/src/install/clustering/lib/python3.12/site-packages/clustering/lidar_processor.py
/home/akilasar/ros2_ws/src/install/clustering/lib/python3.12/site-packages/clustering/__init__.py
/home/akilasar/ros2_ws/src/install/clustering/lib/python3.12/site-packages/clustering/cluster_training_laserscan.py
/home/akilasar/ros2_ws/src/install/clustering/lib/python3.12/site-packages/clustering/__pycache__/live_cluster_inference_node.cpython-312.pyc
/home/akilasar/ros2_ws/src/install/clustering/lib/python3.12/site-packages/clustering/__pycache__/cluster_matching.cpython-312.pyc
/home/akilasar/ros2_ws/src/install/clustering/lib/python3.12/site-packages/clustering/__pycache__/live_cluster_laserscan.cpython-312.pyc
/home/akilasar/ros2_ws/src/install/clustering/lib/python3.12/site-packages/clustering/__pycache__/cluster_training.cpython-312.pyc
/home/akilasar/ros2_ws/src/install/clustering/lib/python3.12/site-packages/clustering/__pycache__/lidarviz.cpython-312.pyc
/home/akilasar/ros2_ws/src/install/clustering/lib/python3.12/site-packages/clustering/__pycache__/clock_publisher.cpython-312.pyc
/home/akilasar/ros2_ws/src/install/clustering/lib/python3.12/site-packages/clustering/__pycache__/scaling_carla_inputs.cpython-312.pyc
/home/akilasar/ros2_ws/src/install/clustering/lib/python3.12/site-packages/clustering/__pycache__/eval_clusters.cpython-312.pyc
/home/akilasar/ros2_ws/src/install/clustering/lib/python3.12/site-packages/clustering/__pycache__/lidar_processor.cpython-312.pyc
/home/akilasar/ros2_ws/src/install/clustering/lib/python3.12/site-packages/clustering/__pycache__/__init__.cpython-312.pyc
/home/akilasar/ros2_ws/src/install/clustering/lib/python3.12/site-packages/clustering/__pycache__/cluster_training_laserscan.cpython-312.pyc
/home/akilasar/ros2_ws/src/install/clustering/share/ament_index/resource_index/packages/clustering
/home/akilasar/ros2_ws/src/install/clustering/share/clustering/package.xml
/home/akilasar/ros2_ws/src/install/clustering/share/clustering/launch/pointcloud_to_laserscan.launch.py
/home/akilasar/ros2_ws/src/install/clustering/share/clustering/config/ekf.yaml
/home/akilasar/ros2_ws/src/install/clustering/lib/python3.12/site-packages/clustering-0.0.0-py3.12.egg-info/PKG-INFO
/home/akilasar/ros2_ws/src/install/clustering/lib/python3.12/site-packages/clustering-0.0.0-py3.12.egg-info/SOURCES.txt
/home/akilasar/ros2_ws/src/install/clustering/lib/python3.12/site-packages/clustering-0.0.0-py3.12.egg-info/dependency_links.txt
/home/akilasar/ros2_ws/src/install/clustering/lib/python3.12/site-packages/clustering-0.0.0-py3.12.egg-info/entry_points.txt
/home/akilasar/ros2_ws/src/install/clustering/lib/python3.12/site-packages/clustering-0.0.0-py3.12.egg-info/zip-safe
/home/akilasar/ros2_ws/src/install/clustering/lib/python3.12/site-packages/clustering-0.0.0-py3.12.egg-info/requires.txt
/home/akilasar/ros2_ws/src/install/clustering/lib/python3.12/site-packages/clustering-0.0.0-py3.12.egg-info/top_level.txt
/home/akilasar/ros2_ws/src/install/clustering/lib/clustering/carla_scaling
/home/akilasar/ros2_ws/src/install/clustering/lib/clustering/clock_publisher
/home/akilasar/ros2_ws/src/install/clustering/lib/clustering/live_cluster_inference_node
