[1.798s] Invoking command in '/home/akilasar/ros2_ws/src/py_pubsub': CONDA_PROMPT_MODIFIER=(test_env) DEBUGINFOD_URLS=https://debuginfod.ubuntu.com PYTHONPATH=/home/akilasar/ros2_ws/src/build/py_pubsub/prefix_override:/usr/lib/python3/dist-packages/colcon_core/task/python/colcon_distutils_commands:/home/akilasar/ros2_ws/src/install/py_pubsub/lib/python3.12/site-packages:${PYTHONPATH} /usr/bin/python3 -W ignore:setup.py install is deprecated -W ignore:easy_install command is deprecated setup.py egg_info --egg-base ../build/py_pubsub build --build-base /home/akilasar/ros2_ws/src/build/py_pubsub/build install --record /home/akilasar/ros2_ws/src/build/py_pubsub/install.log --single-version-externally-managed
[2.014s] running egg_info
[2.027s] writing ../build/py_pubsub/py_pubsub.egg-info/PKG-INFO
[2.027s] writing dependency_links to ../build/py_pubsub/py_pubsub.egg-info/dependency_links.txt
[2.028s] writing entry points to ../build/py_pubsub/py_pubsub.egg-info/entry_points.txt
[2.028s] writing requirements to ../build/py_pubsub/py_pubsub.egg-info/requires.txt
[2.028s] writing top-level names to ../build/py_pubsub/py_pubsub.egg-info/top_level.txt
[2.058s] reading manifest file '../build/py_pubsub/py_pubsub.egg-info/SOURCES.txt'
[2.059s] writing manifest file '../build/py_pubsub/py_pubsub.egg-info/SOURCES.txt'
[2.059s] running build
[2.059s] running build_py
[2.059s] running install
[2.064s] running install_lib
[2.083s] running install_egg_info
[2.100s] removing '/home/akilasar/ros2_ws/src/install/py_pubsub/lib/python3.12/site-packages/py_pubsub-0.0.0-py3.12.egg-info' (and everything under it)
[2.100s] Copying ../build/py_pubsub/py_pubsub.egg-info to /home/akilasar/ros2_ws/src/install/py_pubsub/lib/python3.12/site-packages/py_pubsub-0.0.0-py3.12.egg-info
[2.101s] running install_scripts
[2.214s] Installing publisher script to /home/akilasar/ros2_ws/src/install/py_pubsub/lib/py_pubsub
[2.214s] writing list of installed files to '/home/akilasar/ros2_ws/src/build/py_pubsub/install.log'
[2.268s] Invoked command in '/home/akilasar/ros2_ws/src/py_pubsub' returned '0': CONDA_PROMPT_MODIFIER=(test_env) DEBUGINFOD_URLS=https://debuginfod.ubuntu.com PYTHONPATH=/home/akilasar/ros2_ws/src/build/py_pubsub/prefix_override:/usr/lib/python3/dist-packages/colcon_core/task/python/colcon_distutils_commands:/home/akilasar/ros2_ws/src/install/py_pubsub/lib/python3.12/site-packages:${PYTHONPATH} /usr/bin/python3 -W ignore:setup.py install is deprecated -W ignore:easy_install command is deprecated setup.py egg_info --egg-base ../build/py_pubsub build --build-base /home/akilasar/ros2_ws/src/build/py_pubsub/build install --record /home/akilasar/ros2_ws/src/build/py_pubsub/install.log --single-version-externally-managed
